<?xml version="1.0" encoding="UTF-8"?>
<testsuite xmlns:xsi="http://www.w3.org/2001/XMLSchema-instance" xsi:noNamespaceSchemaLocation="https://maven.apache.org/surefire/maven-surefire-plugin/xsd/surefire-test-report-3.0.xsd" version="3.0" name="com.example.consultants.ConsultantsApplicationTests" time="5.545" tests="1" errors="0" skipped="0" failures="0">
  <properties>
[...]
</properties>
  <testcase name="contextLoads" classname="com.example.consultants.ConsultantsApplicationTests" time="0.699">
    <system-out><![CDATA[Standard Commons Logging discovery in action with spring-jcl: please remove commons-logging.jar from classpath in order to avoid potential conflicts
16:12:05.842 [main] INFO org.springframework.test.context.support.AnnotationConfigContextLoaderUtils -- Could not detect default configuration classes for test class [com.example.consultants.ConsultantsApplicationTests]: ConsultantsApplicationTests does not declare any static, non-private, non-final, nested classes annotated with @Configuration.
16:12:05.921 [main] INFO org.springframework.boot.test.context.SpringBootTestContextBootstrapper -- Found @SpringBootConfiguration com.example.consultants.ConsultantsApplication for test class com.example.consultants.ConsultantsApplicationTests

  .   ____          _            __ _ _
 /\\ / ___'_ __ _ _(_)_ __  __ _ \ \ \ \
( ( )\___ | '_ | '_| | '_ \/ _` | \ \ \ \
 \\/  ___)| |_)| | | | | || (_| |  ) ) ) )
  '  |____| .__|_| |_|_| |_\__, | / / / /
 =========|_|==============|___/=/_/_/_/
 :: Spring Boot ::                (v3.2.0)

2026-01-04T16:12:06.255+08:00  WARN 31944 --- [consultants-local] [           main] ory$DuplicateJsonObjectContextCustomizer : 

Found multiple occurrences of org.json.JSONObject on the class path:

	jar:file:/C:/Users/Administrator/.m2/repository/org/json/json/20231013/json-20231013.jar!/org/json/JSONObject.class
	jar:file:/C:/Users/Administrator/.m2/repository/com/vaadin/external/google/android-json/0.0.20131108.vaadin1/android-json-0.0.20131108.vaadin1.jar!/org/json/JSONObject.class

You may wish to exclude one of them to ensure predictable runtime behavior

2026-01-04T16:12:06.270+08:00  INFO 31944 --- [consultants-local] [           main] c.e.c.ConsultantsApplicationTests        : Starting ConsultantsApplicationTests using Java 17.0.17 with PID 31944 (started by Administrator in D:\IDEA\zuoye\consultants)
2026-01-04T16:12:06.271+08:00 DEBUG 31944 --- [consultants-local] [           main] c.e.c.ConsultantsApplicationTests        : Running with Spring Boot v3.2.0, Spring v6.1.1
2026-01-04T16:12:06.271+08:00  INFO 31944 --- [consultants-local] [           main] c.e.c.ConsultantsApplicationTests        : No active profile set, falling back to 1 default profile: "default"
2026-01-04T16:12:06.847+08:00  INFO 31944 --- [consultants-local] [           main] .s.d.r.c.RepositoryConfigurationDelegate : Multiple Spring Data modules found, entering strict repository configuration mode
2026-01-04T16:12:06.849+08:00  INFO 31944 --- [consultants-local] [           main] .s.d.r.c.RepositoryConfigurationDelegate : Bootstrapping Spring Data Redis repositories in DEFAULT mode.
2026-01-04T16:12:06.867+08:00  INFO 31944 --- [consultants-local] [           main] .s.d.r.c.RepositoryConfigurationDelegate : Finished Spring Data repository scanning in 5 ms. Found 0 Redis repository interfaces.
2026-01-04T16:12:08.357+08:00  INFO 31944 --- [consultants-local] [           main] o.s.b.a.w.s.WelcomePageHandlerMapping    : Adding welcome page: class path resource [static/index.html]
2026-01-04T16:12:08.903+08:00  INFO 31944 --- [consultants-local] [           main] c.e.c.ConsultantsApplicationTests        : Started ConsultantsApplicationTests in 2.858 seconds (process running for 3.583)
2026-01-04T16:12:09.555+08:00  INFO 31944 --- [consultants-local] [           main] c.e.c.config.DocumentInitializer         : 开始向量化 9 个文档...
2026-01-04T16:12:10.537+08:00  INFO 31944 --- [consultants-local] [           main] c.e.c.config.DocumentInitializer         : 文档向量化完成！
]]></system-out>
  </testcase>
</testsuite>